[debug] [2017-10-18T23:41:27.413Z] ----------------------------------------------------------------------
[debug] [2017-10-18T23:41:27.414Z] Command:       /usr/bin/node /home/vens/.config/npm-global/bin/firebase serve --only hosting,functions
[debug] [2017-10-18T23:41:27.415Z] CLI Version:   3.13.1
[debug] [2017-10-18T23:41:27.415Z] Platform:      linux
[debug] [2017-10-18T23:41:27.415Z] Node Version:  v8.7.0
[debug] [2017-10-18T23:41:27.415Z] Time:          Wed Oct 18 2017 18:41:27 GMT-0500 (CDT)
[debug] [2017-10-18T23:41:27.415Z] ----------------------------------------------------------------------
[debug] 
[debug] [2017-10-18T23:41:27.427Z] > command requires scopes: ["email","openid","https://www.googleapis.com/auth/cloudplatformprojects.readonly","https://www.googleapis.com/auth/firebase","https://www.googleapis.com/auth/cloud-platform"]
[debug] [2017-10-18T23:41:27.427Z] > authorizing via signed-in user
[debug] [2017-10-18T23:41:27.428Z] > refreshing access token with scopes: ["email","https://www.googleapis.com/auth/cloud-platform","https://www.googleapis.com/auth/cloudplatformprojects.readonly","https://www.googleapis.com/auth/firebase","openid"]
[debug] [2017-10-18T23:41:27.429Z] >>> HTTP REQUEST POST https://www.googleapis.com/oauth2/v3/token { refresh_token: '1/hZjZccpU3lTLz4ebhEb0Myhft-tmbdEHzXQRG-kMU2g',
  client_id: '563584335869-fgrhgmd47bqnekij5i8b5pr03ho849e6.apps.googleusercontent.com',
  client_secret: 'j9iVZfS8kkCEFUPaAeJV0sAi',
  grant_type: 'refresh_token',
  scope: 'email https://www.googleapis.com/auth/cloud-platform https://www.googleapis.com/auth/cloudplatformprojects.readonly https://www.googleapis.com/auth/firebase openid' } 
 Wed Oct 18 2017 18:41:27 GMT-0500 (CDT)
[debug] [2017-10-18T23:41:27.557Z] <<< HTTP RESPONSE 200
[debug] [2017-10-18T23:41:27.565Z] >>> HTTP REQUEST GET https://admin.firebase.com/v1/projects/firstinspiresiowa  
 Wed Oct 18 2017 18:41:27 GMT-0500 (CDT)
[debug] [2017-10-18T23:41:27.848Z] <<< HTTP RESPONSE 200
[debug] [2017-10-18T23:41:27.849Z] >>> HTTP REQUEST GET https://admin.firebase.com/v1/database/firstinspiresiowa/tokens  
 Wed Oct 18 2017 18:41:27 GMT-0500 (CDT)
[debug] [2017-10-18T23:41:28.180Z] <<< HTTP RESPONSE 200
[info] 
[info] === Serving from '/home/vens/Projects/firstinspiresiowa'...
[info] 
[info] i  functions: Preparing to emulate functions.
[debug] [2017-10-18T23:41:28.422Z] >>> HTTP REQUEST GET https://appengine.googleapis.com/v1/apps/firstinspiresiowa  
 Wed Oct 18 2017 18:41:28 GMT-0500 (CDT)
[debug] [2017-10-18T23:41:28.422Z] >>> HTTP REQUEST GET https://apikeys.googleapis.com/v1/projects/firstinspiresiowa/apiKeys  
 Wed Oct 18 2017 18:41:28 GMT-0500 (CDT)
[debug] [2017-10-18T23:41:28.423Z] >>> HTTP REQUEST GET https://cloudresourcemanager.googleapis.com/v1/projects/firstinspiresiowa  
 Wed Oct 18 2017 18:41:28 GMT-0500 (CDT)
[debug] [2017-10-18T23:41:28.609Z] <<< HTTP RESPONSE 200
[debug] [2017-10-18T23:41:28.609Z] >>> HTTP REQUEST GET https://mobilesdk-pa.googleapis.com/v1/projects/116116372483/clients/_:getWebAppConfig  
 Wed Oct 18 2017 18:41:28 GMT-0500 (CDT)
[debug] [2017-10-18T23:41:28.673Z] <<< HTTP RESPONSE 200
[debug] [2017-10-18T23:41:28.705Z] <<< HTTP RESPONSE 200
[debug] [2017-10-18T23:41:28.911Z] <<< HTTP RESPONSE 200
[info] i  hosting: Serving hosting files from: public
[info] ✔  hosting: Local server: http://localhost:5000

[info] [hosting] Rewriting /teams to local function teams
[info] ✔  functions: bigben: http://localhost:5001/firstinspiresiowa/us-central1/bigben
[info] ✔  functions: matches: http://localhost:5001/firstinspiresiowa/us-central1/matches
[info] ✔  functions: teams: http://localhost:5001/firstinspiresiowa/us-central1/teams
[info] [hosting] Rewriting /teams to local function teams
[info] [hosting] Rewriting /teams to local function teams
[info] [hosting] Rewriting /teams to local function teams
[info] [hosting] Rewriting /teams to local function teams
[info] [hosting] Rewriting /teams to local function teams
[info] [hosting] Rewriting /teams to local function teams
[info] [hosting] Rewriting /teams to local function teams
[info] [hosting] Rewriting /teams to local function teams
[info] [hosting] Rewriting /teams to local function teams
[info] [hosting] Rewriting /teams to local function teams
[info] [hosting] Rewriting /teams to local function teams
[info] [hosting] Rewriting /teams to local function teams
[info] [hosting] Rewriting /teams to local function teams
[info] [hosting] Rewriting /teams to local function teams
[info] [hosting] Rewriting /teams to local function teams
[info] [hosting] Rewriting /teams to local function teams
[info] [hosting] Rewriting /teams to local function teams
[info] [hosting] Rewriting /teams to local function teams
[info] [hosting] Rewriting /teams to local function teams
[info] [hosting] Rewriting /teams to local function teams
[info] [hosting] Rewriting /teams to local function teams
[info] [hosting] Rewriting /teams to local function teams
